<?xml version="1.0" encoding="UTF-8"?>
<testsuite name="BookTest" tests="11" skipped="0" failures="0" errors="0" timestamp="2015-09-02T19:14:48" hostname="epicodus-106.local" time="0.251">
  <properties/>
  <testcase name="addAuthor_addsAuthorToBook" classname="BookTest" time="0.023"/>
  <testcase name="save_savesObjectIntoDatabase" classname="BookTest" time="0.012"/>
  <testcase name="all_emptyAtFirst" classname="BookTest" time="0.009"/>
  <testcase name="search_filtersBooksByTitle" classname="BookTest" time="0.014"/>
  <testcase name="edit_newBookTitle" classname="BookTest" time="0.02"/>
  <testcase name="getAuthors_returnAllAuthors_ArrayList" classname="BookTest" time="0.021"/>
  <testcase name="save_assignsIdToObject" classname="BookTest" time="0.014"/>
  <testcase name="delete_deletesAllBooksAndListAssociations" classname="BookTest" time="0.028"/>
  <testcase name="find_findsBookInDatabase_true" classname="BookTest" time="0.013"/>
  <testcase name="addCopies_AddsMultipleCopiesToCopiesTable" classname="BookTest" time="0.086"/>
  <testcase name="equals_returnsTrueIfTitlesAreTheSame" classname="BookTest" time="0.005"/>
  <system-out><![CDATA[]]></system-out>
  <system-err><![CDATA[]]></system-err>
</testsuite>
