<?xml version="1.0" encoding="UTF-8"?>
<testsuite name="CopyTest" tests="1" skipped="0" failures="0" errors="0" timestamp="2015-09-02T19:14:48" hostname="epicodus-106.local" time="0.008">
  <properties/>
  <testcase name="all_emptyAtFirst" classname="CopyTest" time="0.008"/>
  <system-out><![CDATA[]]></system-out>
  <system-err><![CDATA[]]></system-err>
</testsuite>
